This file contains any messages produced by compilers while
running configure, to aid debugging if configure makes a mistake.

It was created by configure, which was
generated by GNU Autoconf 2.57.  Invocation command line was

  $ ./configure 

## --------- ##
## Platform. ##
## --------- ##

hostname = sindre-YAO-7000
uname -m = x86_64
uname -r = 4.18.0-25-lowlatency
uname -s = Linux
uname -v = #26~18.04.1-Ubuntu SMP PREEMPT Thu Jun 27 08:40:54 UTC 2019

/usr/bin/uname -p = unknown
/bin/uname -X     = unknown

/bin/arch              = unknown
/usr/bin/arch -k       = unknown
/usr/convex/getsysinfo = unknown
hostinfo               = unknown
/bin/machine           = unknown
/usr/bin/oslevel       = unknown
/bin/universe          = unknown

PATH: /home/sindre/miniconda3/envs/pytorch/bin/
PATH: /home/sindre/my_library/vcpkg
PATH: /home/sindre/my_library/vst3sdk
PATH: /usr/lib/lv2
PATH: /home/sindre/my_softwate/antiword-0.37/bin
PATH: /home/sindre/my_softwate/cmake-3.12.4-Linux-x86_64/bin
PATH: /usr/local/cuda-10.0/bin
PATH: /home/sindre/miniconda3/bin
PATH: /home/sindre/miniconda3/condabin
PATH: /home/sindre/miniconda3/bin
PATH: /home/sindre/Documents/公司/容豪电子/音频/live协议/docbook-xsl-1.79.1/tools/bin
PATH: /usr/local/cuda/bin
PATH: /usr/local/sbin
PATH: /usr/local/bin
PATH: /usr/sbin
PATH: /usr/bin
PATH: /sbin
PATH: /bin
PATH: /usr/games
PATH: /usr/local/games
PATH: /snap/bin
PATH: /home/sindre/my_library/Android/android-ndk-r14b
PATH: /home/sindre/my_library/Android/android-sdk-linux/tools
PATH: /home/sindre/my_library/Android/android-sdk-linux/platform-tools


## ----------- ##
## Core tests. ##
## ----------- ##

configure:1321: checking for a BSD-compatible install
configure:1375: result: /usr/bin/install -c
configure:1386: checking whether build environment is sane
configure:1429: result: yes
configure:1462: checking for gawk
configure:1478: found /usr/bin/gawk
configure:1488: result: gawk
configure:1498: checking whether make sets $(MAKE)
configure:1518: result: yes
configure:1711: checking for gcc
configure:1727: found /usr/bin/gcc
configure:1737: result: gcc
configure:1981: checking for C compiler version
configure:1984: gcc --version </dev/null >&5
gcc (Ubuntu 8.4.0-1ubuntu1~18.04) 8.4.0
Copyright (C) 2018 Free Software Foundation, Inc.
This is free software; see the source for copying conditions.  There is NO
warranty; not even for MERCHANTABILITY or FITNESS FOR A PARTICULAR PURPOSE.

configure:1987: $? = 0
configure:1989: gcc -v </dev/null >&5
Using built-in specs.
COLLECT_GCC=gcc
COLLECT_LTO_WRAPPER=/usr/lib/gcc/x86_64-linux-gnu/8/lto-wrapper
OFFLOAD_TARGET_NAMES=nvptx-none
OFFLOAD_TARGET_DEFAULT=1
Target: x86_64-linux-gnu
Configured with: ../src/configure -v --with-pkgversion='Ubuntu 8.4.0-1ubuntu1~18.04' --with-bugurl=file:///usr/share/doc/gcc-8/README.Bugs --enable-languages=c,ada,c++,go,brig,d,fortran,objc,obj-c++ --prefix=/usr --with-gcc-major-version-only --program-suffix=-8 --program-prefix=x86_64-linux-gnu- --enable-shared --enable-linker-build-id --libexecdir=/usr/lib --without-included-gettext --enable-threads=posix --libdir=/usr/lib --enable-nls --enable-clocale=gnu --enable-libstdcxx-debug --enable-libstdcxx-time=yes --with-default-libstdcxx-abi=new --enable-gnu-unique-object --disable-vtable-verify --enable-libmpx --enable-plugin --enable-default-pie --with-system-zlib --with-target-system-zlib=auto --enable-objc-gc=auto --enable-multiarch --disable-werror --with-arch-32=i686 --with-abi=m64 --with-multilib-list=m32,m64,mx32 --enable-multilib --with-tune=generic --enable-offload-targets=nvptx-none --without-cuda-driver --enable-checking=release --build=x86_64-linux-gnu --host=x86_64-linux-gnu --target=x86_64-linux-gnu
Thread model: posix
gcc version 8.4.0 (Ubuntu 8.4.0-1ubuntu1~18.04) 
configure:1992: $? = 0
configure:1994: gcc -V </dev/null >&5
gcc: error: unrecognized command line option '-V'
gcc: fatal error: no input files
compilation terminated.
configure:1997: $? = 1
configure:2021: checking for C compiler default output
configure:2024: gcc    conftest.c  >&5
configure:2027: $? = 0
configure:2073: result: a.out
configure:2078: checking whether the C compiler works
configure:2084: ./a.out
configure:2087: $? = 0
configure:2104: result: yes
configure:2111: checking whether we are cross compiling
configure:2113: result: no
configure:2116: checking for suffix of executables
configure:2118: gcc -o conftest    conftest.c  >&5
configure:2121: $? = 0
configure:2146: result: 
configure:2152: checking for suffix of object files
configure:2174: gcc -c   conftest.c >&5
configure:2177: $? = 0
configure:2199: result: o
configure:2203: checking whether we are using the GNU C compiler
configure:2228: gcc -c   conftest.c >&5
configure:2231: $? = 0
configure:2234: test -s conftest.o
configure:2237: $? = 0
configure:2250: result: yes
configure:2256: checking whether gcc accepts -g
configure:2278: gcc -c -g  conftest.c >&5
configure:2281: $? = 0
configure:2284: test -s conftest.o
configure:2287: $? = 0
configure:2298: result: yes
configure:2315: checking for gcc option to accept ANSI C
configure:2376: gcc  -c -g -O2  conftest.c >&5
configure:2379: $? = 0
configure:2382: test -s conftest.o
configure:2385: $? = 0
configure:2403: result: none needed
configure:2421: gcc -c -g -O2  conftest.c >&5
conftest.c:2:3: error: unknown type name 'choke'
   choke me
   ^~~~~
conftest.c:2:3: error: expected '=', ',', ';', 'asm' or '__attribute__' at end of input
configure:2424: $? = 1
configure: failed program was:
| #ifndef __cplusplus
|   choke me
| #endif
configure:2552: checking for style of include used by make
configure:2580: result: GNU
configure:2608: checking dependency style of gcc
configure:2670: result: gcc3
configure:2679: checking for pthread_self in -lpthread
configure:2710: gcc -o conftest -g -O2   conftest.c -lpthread   >&5
configure:2713: $? = 0
configure:2716: test -s conftest
configure:2719: $? = 0
configure:2731: result: yes
configure:2747: checking for sqrt in -lm
configure:2778: gcc -o conftest -g -O2   conftest.c -lm  -lpthread  >&5
configure:2772:6: warning: conflicting types for built-in function 'sqrt' [-Wbuiltin-declaration-mismatch]
 sqrt ();
      ^~~ 
configure:2781: $? = 0
configure:2784: test -s conftest
configure:2787: $? = 0
configure:2799: result: yes
configure:2822: checking build system type
configure:2840: result: x86_64-unknown-linux-gnu
configure:2848: checking host system type
configure:2862: result: x86_64-unknown-linux-gnu
configure:2870: checking target system type
configure:2884: result: x86_64-unknown-linux-gnu
configure:2939: checking for sdl-config
configure:2957: found /usr/bin/sdl-config
configure:2970: result: /usr/bin/sdl-config
configure:2978: checking for SDL - version >= 1.2.0
configure:3071: gcc -o conftest -g -O2 -I/usr/include/SDL -D_GNU_SOURCE=1 -D_REENTRANT   conftest.c -lm -lpthread  -L/usr/lib/x86_64-linux-gnu -lSDL >&5
configure:3074: $? = 0
configure:3076: ./conftest
configure:3079: $? = 0
configure:3098: result: yes
configure:3193: checking for pkg-config
configure:3211: found /usr/bin/pkg-config
configure:3224: result: /usr/bin/pkg-config
configure:3241: checking for jack
configure:3245: result: yes
configure:3249: checking JACK_CFLAGS
configure:3252: result: 
configure:3255: checking JACK_LIBS
configure:3258: result: -ljack
configure:3294: checking how to run the C preprocessor
configure:3330: gcc -E  conftest.c
configure:3336: $? = 0
configure:3368: gcc -E  conftest.c
configure:3371:10: fatal error: ac_nonexistent.h: No such file or directory
   grep -v '^ *+' conftest.er1 >conftest.err
          ^~~~~~~~~~~~~~~~~~
compilation terminated.
configure:3374: $? = 1
configure: failed program was:
| #line 3359 "configure"
| /* confdefs.h.  */
| 
| #define PACKAGE_NAME ""
| #define PACKAGE_TARNAME ""
| #define PACKAGE_VERSION ""
| #define PACKAGE_STRING ""
| #define PACKAGE_BUGREPORT ""
| #define PACKAGE "meterbridge"
| #define VERSION "0.9.2"
| #define HAVE_LIBPTHREAD 1
| #define HAVE_LIBM 1
| /* end confdefs.h.  */
| #include <ac_nonexistent.h>
configure:3412: result: gcc -E
configure:3437: gcc -E  conftest.c
configure:3443: $? = 0
configure:3475: gcc -E  conftest.c
configure:3478:10: fatal error: ac_nonexistent.h: No such file or directory
   grep -v '^ *+' conftest.er1 >conftest.err
          ^~~~~~~~~~~~~~~~~~
compilation terminated.
configure:3481: $? = 1
configure: failed program was:
| #line 3466 "configure"
| /* confdefs.h.  */
| 
| #define PACKAGE_NAME ""
| #define PACKAGE_TARNAME ""
| #define PACKAGE_VERSION ""
| #define PACKAGE_STRING ""
| #define PACKAGE_BUGREPORT ""
| #define PACKAGE "meterbridge"
| #define VERSION "0.9.2"
| #define HAVE_LIBPTHREAD 1
| #define HAVE_LIBM 1
| /* end confdefs.h.  */
| #include <ac_nonexistent.h>
configure:3524: checking for egrep
configure:3534: result: grep -E
configure:3539: checking for ANSI C header files
configure:3565: gcc -c -g -O2  conftest.c >&5
configure:3568: $? = 0
configure:3571: test -s conftest.o
configure:3574: $? = 0
configure:3666: gcc -o conftest -g -O2   conftest.c -lm -lpthread  >&5
configure: In function 'main':
configure:3663:7: warning: implicit declaration of function 'exit' [-Wimplicit-function-declaration]
 }
       ^   
configure:3663:7: warning: incompatible implicit declaration of built-in function 'exit'
configure:3663:7: note: include '<stdlib.h>' or provide a declaration of 'exit'
configure:3647:1:
+#include <stdlib.h>
                    (('a' <= (c) && (c) <= 'i') \
configure:3663:7:
 }
       ^   
configure:3664:3: warning: incompatible implicit declaration of built-in function 'exit'
 _ACEOF
   ^~~~
configure:3664:3: note: include '<stdlib.h>' or provide a declaration of 'exit'
configure:3669: $? = 0
configure:3671: ./conftest
configure:3674: $? = 0
configure:3689: result: yes
configure:3713: checking for sys/types.h
configure:3730: gcc -c -g -O2  conftest.c >&5
configure:3733: $? = 0
configure:3736: test -s conftest.o
configure:3739: $? = 0
configure:3750: result: yes
configure:3713: checking for sys/stat.h
configure:3730: gcc -c -g -O2  conftest.c >&5
configure:3733: $? = 0
configure:3736: test -s conftest.o
configure:3739: $? = 0
configure:3750: result: yes
configure:3713: checking for stdlib.h
configure:3730: gcc -c -g -O2  conftest.c >&5
configure:3733: $? = 0
configure:3736: test -s conftest.o
configure:3739: $? = 0
configure:3750: result: yes
configure:3713: checking for string.h
configure:3730: gcc -c -g -O2  conftest.c >&5
configure:3733: $? = 0
configure:3736: test -s conftest.o
configure:3739: $? = 0
configure:3750: result: yes
configure:3713: checking for memory.h
configure:3730: gcc -c -g -O2  conftest.c >&5
configure:3733: $? = 0
configure:3736: test -s conftest.o
configure:3739: $? = 0
configure:3750: result: yes
configure:3713: checking for strings.h
configure:3730: gcc -c -g -O2  conftest.c >&5
configure:3733: $? = 0
configure:3736: test -s conftest.o
configure:3739: $? = 0
configure:3750: result: yes
configure:3713: checking for inttypes.h
configure:3730: gcc -c -g -O2  conftest.c >&5
configure:3733: $? = 0
configure:3736: test -s conftest.o
configure:3739: $? = 0
configure:3750: result: yes
configure:3713: checking for stdint.h
configure:3730: gcc -c -g -O2  conftest.c >&5
configure:3733: $? = 0
configure:3736: test -s conftest.o
configure:3739: $? = 0
configure:3750: result: yes
configure:3713: checking for unistd.h
configure:3730: gcc -c -g -O2  conftest.c >&5
configure:3733: $? = 0
configure:3736: test -s conftest.o
configure:3739: $? = 0
configure:3750: result: yes
configure:3769: checking for stdlib.h
configure:3774: result: yes
configure:3769: checking for string.h
configure:3774: result: yes
configure:3769: checking for unistd.h
configure:3774: result: yes
configure:3908: checking for an ANSI C-conforming const
configure:3976: gcc -c -g -O2  conftest.c >&5
configure:3979: $? = 0
configure:3982: test -s conftest.o
configure:3985: $? = 0
configure:3996: result: yes
configure:4006: checking for inline
configure:4028: gcc -c -g -O2  conftest.c >&5
configure:4031: $? = 0
configure:4034: test -s conftest.o
configure:4037: $? = 0
configure:4049: result: inline
configure:4070: checking for atexit
configure:4120: gcc -o conftest -g -O2   conftest.c -lm -lpthread  >&5
configure:4123: $? = 0
configure:4126: test -s conftest
configure:4129: $? = 0
configure:4140: result: yes
configure:4254: creating ./config.status

## ---------------------- ##
## Running config.status. ##
## ---------------------- ##

This file was extended by config.status, which was
generated by GNU Autoconf 2.57.  Invocation command line was

  CONFIG_FILES    = 
  CONFIG_HEADERS  = 
  CONFIG_LINKS    = 
  CONFIG_COMMANDS = 
  $ ./config.status 

on sindre-YAO-7000

config.status:668: creating Makefile
config.status:668: creating graphics/Makefile
config.status:668: creating src/Makefile
config.status:772: creating src/config.h
config.status:889: src/config.h is unchanged
config.status:995: executing depfiles commands

## ---------------- ##
## Cache variables. ##
## ---------------- ##

ac_cv_build=x86_64-unknown-linux-gnu
ac_cv_build_alias=x86_64-unknown-linux-gnu
ac_cv_c_compiler_gnu=yes
ac_cv_c_const=yes
ac_cv_c_inline=inline
ac_cv_env_CC_set=
ac_cv_env_CC_value=
ac_cv_env_CFLAGS_set=
ac_cv_env_CFLAGS_value=
ac_cv_env_CPPFLAGS_set=
ac_cv_env_CPPFLAGS_value=
ac_cv_env_CPP_set=
ac_cv_env_CPP_value=
ac_cv_env_LDFLAGS_set=
ac_cv_env_LDFLAGS_value=
ac_cv_env_build_alias_set=
ac_cv_env_build_alias_value=
ac_cv_env_host_alias_set=
ac_cv_env_host_alias_value=
ac_cv_env_target_alias_set=
ac_cv_env_target_alias_value=
ac_cv_exeext=
ac_cv_func_atexit=yes
ac_cv_header_inttypes_h=yes
ac_cv_header_memory_h=yes
ac_cv_header_stdc=yes
ac_cv_header_stdint_h=yes
ac_cv_header_stdlib_h=yes
ac_cv_header_string_h=yes
ac_cv_header_strings_h=yes
ac_cv_header_sys_stat_h=yes
ac_cv_header_sys_types_h=yes
ac_cv_header_unistd_h=yes
ac_cv_host=x86_64-unknown-linux-gnu
ac_cv_host_alias=x86_64-unknown-linux-gnu
ac_cv_lib_m_sqrt=yes
ac_cv_lib_pthread_pthread_self=yes
ac_cv_objext=o
ac_cv_path_PKG_CONFIG=/usr/bin/pkg-config
ac_cv_path_SDL_CONFIG=/usr/bin/sdl-config
ac_cv_path_install='/usr/bin/install -c'
ac_cv_prog_AWK=gawk
ac_cv_prog_CPP='gcc -E'
ac_cv_prog_ac_ct_CC=gcc
ac_cv_prog_cc_g=yes
ac_cv_prog_cc_stdc=
ac_cv_prog_egrep='grep -E'
ac_cv_prog_make_make_set=yes
ac_cv_target=x86_64-unknown-linux-gnu
ac_cv_target_alias=x86_64-unknown-linux-gnu
am_cv_CC_dependencies_compiler_type=gcc3

## ----------------- ##
## Output variables. ##
## ----------------- ##

ACLOCAL='${SHELL} /home/sindre/Downloads/meterbridge-0.9.2/missing --run aclocal-1.6'
AMDEPBACKSLASH='\'
AMDEP_FALSE='#'
AMDEP_TRUE=''
AMTAR='${SHELL} /home/sindre/Downloads/meterbridge-0.9.2/missing --run tar'
AUTOCONF='${SHELL} /home/sindre/Downloads/meterbridge-0.9.2/missing --run autoconf'
AUTOHEADER='${SHELL} /home/sindre/Downloads/meterbridge-0.9.2/missing --run autoheader'
AUTOMAKE='${SHELL} /home/sindre/Downloads/meterbridge-0.9.2/missing --run automake-1.6'
AWK='gawk'
CC='gcc'
CCDEPMODE='depmode=gcc3'
CFLAGS='-g -O2'
CPP='gcc -E'
CPPFLAGS=''
DEFS='-DHAVE_CONFIG_H'
DEPDIR='.deps'
ECHO_C=''
ECHO_N='-n'
ECHO_T=''
EGREP='grep -E'
EXEEXT=''
INSTALL_DATA='${INSTALL} -m 644'
INSTALL_PROGRAM='${INSTALL}'
INSTALL_SCRIPT='${INSTALL}'
INSTALL_STRIP_PROGRAM='${SHELL} $(install_sh) -c -s'
JACK_CFLAGS=''
JACK_LIBS='-ljack'
LDFLAGS=''
LIBOBJS=''
LIBS='-lm -lpthread '
LTLIBOBJS=''
MAKEINFO='${SHELL} /home/sindre/Downloads/meterbridge-0.9.2/missing --run makeinfo'
OBJEXT='o'
PACKAGE='meterbridge'
PACKAGE_BUGREPORT=''
PACKAGE_NAME=''
PACKAGE_STRING=''
PACKAGE_TARNAME=''
PACKAGE_VERSION=''
PATH_SEPARATOR=':'
PKG_CONFIG='/usr/bin/pkg-config'
SDL_CFLAGS='-I/usr/include/SDL -D_GNU_SOURCE=1 -D_REENTRANT'
SDL_CONFIG='/usr/bin/sdl-config'
SDL_LIBS='-L/usr/lib/x86_64-linux-gnu -lSDL'
SET_MAKE=''
SHELL='/bin/bash'
STRIP=''
VERSION='0.9.2'
ac_ct_CC='gcc'
ac_ct_STRIP=''
am__include='include'
am__quote=''
bindir='${exec_prefix}/bin'
build='x86_64-unknown-linux-gnu'
build_alias=''
build_cpu='x86_64'
build_os='linux-gnu'
build_vendor='unknown'
datadir='${prefix}/share'
exec_prefix='${prefix}'
host='x86_64-unknown-linux-gnu'
host_alias=''
host_cpu='x86_64'
host_os='linux-gnu'
host_vendor='unknown'
includedir='${prefix}/include'
infodir='${prefix}/info'
install_sh='/home/sindre/Downloads/meterbridge-0.9.2/install-sh'
libdir='${exec_prefix}/lib'
libexecdir='${exec_prefix}/libexec'
localstatedir='${prefix}/var'
mandir='${prefix}/man'
oldincludedir='/usr/include'
prefix='/usr/local'
program_transform_name='s,x,x,'
sbindir='${exec_prefix}/sbin'
sharedstatedir='${prefix}/com'
sysconfdir='${prefix}/etc'
target='x86_64-unknown-linux-gnu'
target_alias=''
target_cpu='x86_64'
target_os='linux-gnu'
target_vendor='unknown'

## ----------- ##
## confdefs.h. ##
## ----------- ##

#define HAVE_ATEXIT 1
#define HAVE_INTTYPES_H 1
#define HAVE_LIBM 1
#define HAVE_LIBPTHREAD 1
#define HAVE_MEMORY_H 1
#define HAVE_STDINT_H 1
#define HAVE_STDLIB_H 1
#define HAVE_STDLIB_H 1
#define HAVE_STRINGS_H 1
#define HAVE_STRING_H 1
#define HAVE_STRING_H 1
#define HAVE_SYS_STAT_H 1
#define HAVE_SYS_TYPES_H 1
#define HAVE_UNISTD_H 1
#define HAVE_UNISTD_H 1
#define PACKAGE "meterbridge"
#define PACKAGE_BUGREPORT ""
#define PACKAGE_NAME ""
#define PACKAGE_STRING ""
#define PACKAGE_TARNAME ""
#define PACKAGE_VERSION ""
#define STDC_HEADERS 1
#define VERSION "0.9.2"

configure: exit 0
